<?xml version="1.0" encoding="UTF-8"?>
<testExecutions version="1">
  <file path="/home/manishv/Internship-files/React/blinkist/src/components/molecules/Banner/Banner.test.tsx">
    <testCase name="Banner Should render Banner Heading" duration="160"/>
    <testCase name="Banner Should render Banner content" duration="65"/>
    <testCase name="Banner Should render Banner Image" duration="29"/>
  </file>
  <file path="/home/manishv/Internship-files/React/blinkist/src/components/atoms/Button/Button.test.tsx">
    <testCase name="renders a Button" duration="194"/>
  </file>
  <file path="/home/manishv/Internship-files/React/blinkist/src/components/atoms/Avatar/Avatar.test.tsx">
    <testCase name="renders a avatar" duration="112"/>
  </file>
  <file path="/home/manishv/Internship-files/React/blinkist/src/components/molecules/Footer/footer.test.tsx">
    <testCase name="footer render footer title" duration="137"/>
    <testCase name="footer render copyright from footer" duration="46"/>
  </file>
  <file path="/home/manishv/Internship-files/React/blinkist/src/components/atoms/Logo/Logo.test.tsx">
    <testCase name="renders a Logo" duration="44"/>
  </file>
  <file path="/home/manishv/Internship-files/React/blinkist/src/components/molecules/Card/Card.test.tsx">
    <testCase name="cardItems renders a resting Card" duration="232"/>
    <testCase name="cardItems renders a explore card" duration="148"/>
    <testCase name="cardItems render a finished card" duration="305"/>
  </file>
  <file path="/home/manishv/Internship-files/React/blinkist/src/components/organisms/BookDetails/BookDetails.test.tsx">
    <testCase name="BookDetails render BookDetails title" duration="465"/>
    <testCase name="BookDetails render a finished reading button" duration="272"/>
    <testCase name="BookDetails render naviagate to my Library" duration="100"/>
  </file>
  <file path="/home/manishv/Internship-files/React/blinkist/src/components/organisms/Header/Header.test.tsx">
    <testCase name="Header Component should render explore component" duration="462"/>
    <testCase name="Header Component should render MyLibrary Button" duration="283"/>
    <testCase name="Header Component should Mylibrary on click naviagate to homepage" duration="233"/>
    <testCase name="Header Component should contain avatar" duration="96"/>
  </file>
  <file path="/home/manishv/Internship-files/React/blinkist/src/components/organisms/Explore/Explore.test.tsx">
    <testCase name="Explore component should render explore button" duration="261"/>
    <testCase name="Explore component should have expandMoreIcon" duration="68"/>
    <testCase name="Explore component should explore button to be clickable" duration="149"/>
    <testCase name="Explore component should have less icon on click explore button" duration="99"/>
    <testCase name="Explore component should navigate to bookdetailspage on click enterpreneurship link" duration="156"/>
  </file>
</testExecutions>