<?xml version="1.0" encoding="UTF-8"?>
<testExecutions version="1">
  <file path="/home/manishv/Internship-files/React/blinkist/src/components/organisms/Tab/CustomTabs.test.tsx">
    <testCase name="Tabs should consists of currently reading tab" duration="508"/>
    <testCase name="Tabs should have green indicator color for currently reading tab by default" duration="197"/>
    <testCase name="Tabs should have white indicator color for finished reading tab by default" duration="175"/>
    <testCase name="Tabs should consists of finished reading tab" duration="152"/>
    <testCase name="Tabs should have white indicator color for currently reading tab on click of finished reading tab" duration="189"/>
    <testCase name="Tabs should have green indicator color for finished reading tab on click of finished reading tab" duration="138"/>
  </file>
  <file path="/home/manishv/Internship-files/React/blinkist/src/components/molecules/Card/Card.test.tsx">
    <testCase name="cardItems renders a resting Card" duration="203"/>
    <testCase name="cardItems renders a explore card" duration="86"/>
    <testCase name="cardItems render a finished card" duration="344"/>
  </file>
  <file path="/home/manishv/Internship-files/React/blinkist/src/components/organisms/MyLibrary/MyLibrary.test.tsx">
    <testCase name="MyLibrary Currently reading tab should render the card named loving your business" duration="520"/>
    <testCase name="MyLibrary Currently reading tab should consist of currently reading tab" duration="496"/>
    <testCase name="MyLibrary Currently reading tab should navigate to book details page on click the card" duration="212"/>
    <testCase name="MyLibrary Currently reading tab should consist two currently reading cards" duration="137"/>
    <testCase name="MyLibrary finished reading tab should consists of finished reading tab" duration="219"/>
    <testCase name="MyLibrary finished reading tab should show three finished cards on click of finished reading tab" duration="323"/>
    <testCase name="MyLibrary finished reading tab should have eat better feel better text on click of finished reading tab" duration="289"/>
  </file>
  <file path="/home/manishv/Internship-files/React/blinkist/src/components/Pages/MyLibraryPage/MyLibraryPage.test.tsx">
    <testCase name="MyLibraryPage should have header organisms" duration="1084"/>
    <testCase name="MyLibraryPage should have MyLibrary organisms" duration="421"/>
    <testCase name="MyLibraryPage should have footer organisms" duration="379"/>
  </file>
  <file path="/home/manishv/Internship-files/React/blinkist/src/components/organisms/BookDetails/BookDetails.test.tsx">
    <testCase name="BookDetails render BookDetails title" duration="552"/>
    <testCase name="BookDetails render a finished reading button" duration="371"/>
    <testCase name="BookDetails should naviagate to my Library" duration="261"/>
    <testCase name="BookDetails should have read now button" duration="231"/>
    <testCase name="BookDetails should have send to kindle button" duration="225"/>
    <testCase name="BookDetails should have synopsis tab" duration="326"/>
    <testCase name="BookDetails should have synopsis tab value as todayâ€™s business world" duration="87"/>
    <testCase name="BookDetails should have who tab" duration="318"/>
    <testCase name="BookDetails should have synopsis tab value as Far far away" duration="291"/>
    <testCase name="BookDetails should have about tab" duration="199"/>
    <testCase name="BookDetails should have synopsis tab value as Even the all-powerful" duration="322"/>
    <testCase name="BookDetails should display value starts with far on click who tab" duration="238"/>
    <testCase name="BookDetails should display value starts with Even the all-powerful on click about tab" duration="269"/>
  </file>
  <file path="/home/manishv/Internship-files/React/blinkist/src/components/organisms/Header/Header.test.tsx">
    <testCase name="Header Component should render explore component" duration="813"/>
    <testCase name="Header Component should render MyLibrary Button" duration="702"/>
    <testCase name="Header Component should Mylibrary on click naviagate to homepage" duration="658"/>
    <testCase name="Header Component should have Account details button" duration="425"/>
    <testCase name="Header Component should have login button on click of AccountDetails button" duration="761"/>
  </file>
  <file path="/home/manishv/Internship-files/React/blinkist/src/components/organisms/Explore/Explore.test.tsx">
    <testCase name="Explore component should render explore button" duration="492"/>
    <testCase name="Explore component should have expandMoreIcon" duration="122"/>
    <testCase name="Explore component should explore button to be clickable" duration="368"/>
    <testCase name="Explore component should have less icon on click explore button" duration="184"/>
    <testCase name="Explore component should navigate to bookdetailspage on click enterpreneurship link" duration="228"/>
    <testCase name="Explore component should have different links" duration="234"/>
    <testCase name="Explore component should have different links on click navigate to enterpreneurship page" duration="1109"/>
    <testCase name="Explore component should Body is white" duration="96"/>
    <testCase name="Explore component render a backdrop onclick" duration="181"/>
  </file>
  <file path="/home/manishv/Internship-files/React/blinkist/src/components/molecules/Footer/footer.test.tsx">
    <testCase name="footer render footer title" duration="102"/>
    <testCase name="footer render copyright from footer" duration="30"/>
  </file>
  <file path="/home/manishv/Internship-files/React/blinkist/src/components/molecules/Banner/Banner.test.tsx">
    <testCase name="Banner Should render Banner Heading" duration="74"/>
    <testCase name="Banner Should render Banner content" duration="25"/>
    <testCase name="Banner Should render Banner Image" duration="27"/>
  </file>
  <file path="/home/manishv/Internship-files/React/blinkist/src/components/Pages/EnterpreneurshipPage/EnterpreneurshipPage.test.tsx">
    <testCase name="EnterPreneurshipPage should have header organisms" duration="916"/>
    <testCase name="EnterPreneurshipPage should have enterprenurship organisms" duration="392"/>
    <testCase name="EnterPreneurshipPage should have footer organisms" duration="321"/>
  </file>
  <file path="/home/manishv/Internship-files/React/blinkist/src/components/Pages/BookDetailsPage/BookDetailsPage.test.tsx">
    <testCase name="BookDetailsPage should have header organisms" duration="1091"/>
    <testCase name="BookDetailsPage should have bookDetails organisms" duration="397"/>
    <testCase name="BookDetailsPage should have footer organisms" duration="349"/>
  </file>
  <file path="/home/manishv/Internship-files/React/blinkist/src/components/atoms/Button/Button.test.tsx">
    <testCase name="renders a Button" duration="104"/>
  </file>
  <file path="/home/manishv/Internship-files/React/blinkist/src/components/atoms/Logo/Logo.test.tsx">
    <testCase name="renders a Logo" duration="37"/>
  </file>
  <file path="/home/manishv/Internship-files/React/blinkist/src/components/atoms/Avatar/Avatar.test.tsx">
    <testCase name="renders a avatar" duration="44"/>
  </file>
  <file path="/home/manishv/Internship-files/React/blinkist/src/components/organisms/Enterpreneurship/Enterpreneurship.test.tsx">
    <testCase name="input type to be worked should render input" duration="466"/>
    <testCase name="input type to be worked should be able to type into input" duration="268"/>
    <testCase name="Enterpreneurship should render the card named loving your business" duration="197"/>
    <testCase name="Enterpreneurship should render two cards" duration="176"/>
    <testCase name="Enterpreneurship should navigate to book details page on click the card" duration="187"/>
    <testCase name="Enterpreneurship should have trending blink category" duration="137"/>
    <testCase name="Enterpreneurship should have just added category" duration="120"/>
    <testCase name="Enterpreneurship should have featured audio blink category" duration="112"/>
    <testCase name="Enterpreneurship should render one book in trending blink category" duration="170"/>
    <testCase name="Enterpreneurship should render one book in just added category" duration="74"/>
    <testCase name="Enterpreneurship should render one book in featured category" duration="82"/>
  </file>
</testExecutions>